<?xml version="1.0" encoding="UTF-8"?>
<testng-results ignored="0" total="14" passed="14" failed="0" skipped="0">
  <reporter-output>
  </reporter-output>
  <suite started-at="2025-03-22T10:24:59 IST" name="Default suite" finished-at="2025-03-22T10:27:53 IST" duration-ms="173727">
    <groups>
      <group name="cucumber">
        <method signature="AbstractTestNGCucumberTests.runScenario(io.cucumber.testng.PickleWrapper,io.cucumber.testng.FeatureWrapper)[pri:0, instance:capstoneproject.ZeroBank.runners.TestRunner@5efa40fe]" name="runScenario" class="io.cucumber.testng.AbstractTestNGCucumberTests"/>
      </group> <!-- cucumber -->
    </groups>
    <test started-at="2025-03-22T10:24:59 IST" name="Default test" finished-at="2025-03-22T10:27:53 IST" duration-ms="173727">
      <class name="capstoneproject.ZeroBank.runners.TestRunner">
        <test-method is-config="true" signature="setUpClass(org.testng.ITestContext)[pri:0, instance:capstoneproject.ZeroBank.runners.TestRunner@5efa40fe]" started-at="2025-03-22T10:24:59 IST" name="setUpClass" finished-at="2025-03-22T10:25:00 IST" duration-ms="414" status="PASS">
          <params>
            <param index="0">
              <value>
                <![CDATA[org.testng.TestRunner@2520010e]]>
              </value>
            </param>
          </params>
          <reporter-output>
          </reporter-output>
        </test-method> <!-- setUpClass -->
        <test-method signature="runScenario(io.cucumber.testng.PickleWrapper,io.cucumber.testng.FeatureWrapper)[pri:0, instance:capstoneproject.ZeroBank.runners.TestRunner@5efa40fe]" started-at="2025-03-22T10:25:00 IST" name="runScenario" description="Runs Cucumber Scenarios" data-provider="scenarios" finished-at="2025-03-22T10:25:11 IST" duration-ms="10948" status="PASS">
          <params>
            <param index="0">
              <value>
                <![CDATA["Account Summary Page Loads Correctly"]]>
              </value>
            </param>
            <param index="1">
              <value>
                <![CDATA["Account Summary Module Functionality"]]>
              </value>
            </param>
          </params>
          <reporter-output>
          </reporter-output>
        </test-method> <!-- runScenario -->
        <test-method signature="runScenario(io.cucumber.testng.PickleWrapper,io.cucumber.testng.FeatureWrapper)[pri:0, instance:capstoneproject.ZeroBank.runners.TestRunner@5efa40fe]" started-at="2025-03-22T10:25:11 IST" name="runScenario" description="Runs Cucumber Scenarios" data-provider="scenarios" finished-at="2025-03-22T10:25:21 IST" duration-ms="9924" status="PASS">
          <params>
            <param index="0">
              <value>
                <![CDATA["Validate Account Types"]]>
              </value>
            </param>
            <param index="1">
              <value>
                <![CDATA["Account Summary Module Functionality"]]>
              </value>
            </param>
          </params>
          <reporter-output>
          </reporter-output>
        </test-method> <!-- runScenario -->
        <test-method signature="runScenario(io.cucumber.testng.PickleWrapper,io.cucumber.testng.FeatureWrapper)[pri:0, instance:capstoneproject.ZeroBank.runners.TestRunner@5efa40fe]" started-at="2025-03-22T10:25:21 IST" name="runScenario" description="Runs Cucumber Scenarios" data-provider="scenarios" finished-at="2025-03-22T10:25:33 IST" duration-ms="12762" status="PASS">
          <params>
            <param index="0">
              <value>
                <![CDATA["Successfully Adding a New Payee"]]>
              </value>
            </param>
            <param index="1">
              <value>
                <![CDATA["Add a New Payee Functionality"]]>
              </value>
            </param>
          </params>
          <reporter-output>
          </reporter-output>
        </test-method> <!-- runScenario -->
        <test-method signature="runScenario(io.cucumber.testng.PickleWrapper,io.cucumber.testng.FeatureWrapper)[pri:0, instance:capstoneproject.ZeroBank.runners.TestRunner@5efa40fe]" started-at="2025-03-22T10:25:33 IST" name="runScenario" description="Runs Cucumber Scenarios" data-provider="scenarios" finished-at="2025-03-22T10:25:45 IST" duration-ms="11691" status="PASS">
          <params>
            <param index="0">
              <value>
                <![CDATA["Add Payee with Missing Details"]]>
              </value>
            </param>
            <param index="1">
              <value>
                <![CDATA["Add a New Payee Functionality"]]>
              </value>
            </param>
          </params>
          <reporter-output>
          </reporter-output>
        </test-method> <!-- runScenario -->
        <test-method signature="runScenario(io.cucumber.testng.PickleWrapper,io.cucumber.testng.FeatureWrapper)[pri:0, instance:capstoneproject.ZeroBank.runners.TestRunner@5efa40fe]" started-at="2025-03-22T10:25:45 IST" name="runScenario" description="Runs Cucumber Scenarios" data-provider="scenarios" finished-at="2025-03-22T10:25:59 IST" duration-ms="13625" status="PASS">
          <params>
            <param index="0">
              <value>
                <![CDATA["Successful Fund Transfer"]]>
              </value>
            </param>
            <param index="1">
              <value>
                <![CDATA["Fund Transfer"]]>
              </value>
            </param>
          </params>
          <reporter-output>
          </reporter-output>
        </test-method> <!-- runScenario -->
        <test-method signature="runScenario(io.cucumber.testng.PickleWrapper,io.cucumber.testng.FeatureWrapper)[pri:0, instance:capstoneproject.ZeroBank.runners.TestRunner@5efa40fe]" started-at="2025-03-22T10:25:59 IST" name="runScenario" description="Runs Cucumber Scenarios" data-provider="scenarios" finished-at="2025-03-22T10:26:09 IST" duration-ms="10460" status="PASS">
          <params>
            <param index="0">
              <value>
                <![CDATA["Successful Login"]]>
              </value>
            </param>
            <param index="1">
              <value>
                <![CDATA["Login Functionality"]]>
              </value>
            </param>
          </params>
          <reporter-output>
          </reporter-output>
        </test-method> <!-- runScenario -->
        <test-method signature="runScenario(io.cucumber.testng.PickleWrapper,io.cucumber.testng.FeatureWrapper)[pri:0, instance:capstoneproject.ZeroBank.runners.TestRunner@5efa40fe]" started-at="2025-03-22T10:26:09 IST" name="runScenario" description="Runs Cucumber Scenarios" data-provider="scenarios" finished-at="2025-03-22T10:26:21 IST" duration-ms="11372" status="PASS">
          <params>
            <param index="0">
              <value>
                <![CDATA["Invalid Login"]]>
              </value>
            </param>
            <param index="1">
              <value>
                <![CDATA["Login Functionality"]]>
              </value>
            </param>
          </params>
          <reporter-output>
          </reporter-output>
        </test-method> <!-- runScenario -->
        <test-method signature="runScenario(io.cucumber.testng.PickleWrapper,io.cucumber.testng.FeatureWrapper)[pri:0, instance:capstoneproject.ZeroBank.runners.TestRunner@5efa40fe]" started-at="2025-03-22T10:26:21 IST" name="runScenario" description="Runs Cucumber Scenarios" data-provider="scenarios" finished-at="2025-03-22T10:26:32 IST" duration-ms="11091" status="PASS">
          <params>
            <param index="0">
              <value>
                <![CDATA["Empty Username & Password Validation"]]>
              </value>
            </param>
            <param index="1">
              <value>
                <![CDATA["Login Functionality"]]>
              </value>
            </param>
          </params>
          <reporter-output>
          </reporter-output>
        </test-method> <!-- runScenario -->
        <test-method signature="runScenario(io.cucumber.testng.PickleWrapper,io.cucumber.testng.FeatureWrapper)[pri:0, instance:capstoneproject.ZeroBank.runners.TestRunner@5efa40fe]" started-at="2025-03-22T10:26:32 IST" name="runScenario" description="Runs Cucumber Scenarios" data-provider="scenarios" finished-at="2025-03-22T10:26:42 IST" duration-ms="9865" status="PASS">
          <params>
            <param index="0">
              <value>
                <![CDATA["Logout Successfully"]]>
              </value>
            </param>
            <param index="1">
              <value>
                <![CDATA["Logout Functionality"]]>
              </value>
            </param>
          </params>
          <reporter-output>
          </reporter-output>
        </test-method> <!-- runScenario -->
        <test-method signature="runScenario(io.cucumber.testng.PickleWrapper,io.cucumber.testng.FeatureWrapper)[pri:0, instance:capstoneproject.ZeroBank.runners.TestRunner@5efa40fe]" started-at="2025-03-22T10:26:42 IST" name="runScenario" description="Runs Cucumber Scenarios" data-provider="scenarios" finished-at="2025-03-22T10:26:52 IST" duration-ms="10213" status="PASS">
          <params>
            <param index="0">
              <value>
                <![CDATA["Verify Session Expiry After Logout"]]>
              </value>
            </param>
            <param index="1">
              <value>
                <![CDATA["Logout Functionality"]]>
              </value>
            </param>
          </params>
          <reporter-output>
          </reporter-output>
        </test-method> <!-- runScenario -->
        <test-method signature="runScenario(io.cucumber.testng.PickleWrapper,io.cucumber.testng.FeatureWrapper)[pri:0, instance:capstoneproject.ZeroBank.runners.TestRunner@5efa40fe]" started-at="2025-03-22T10:26:52 IST" name="runScenario" description="Runs Cucumber Scenarios" data-provider="scenarios" finished-at="2025-03-22T10:27:09 IST" duration-ms="17245" status="PASS">
          <params>
            <param index="0">
              <value>
                <![CDATA["Download Account Statement"]]>
              </value>
            </param>
            <param index="1">
              <value>
                <![CDATA["Statements & Documents Module"]]>
              </value>
            </param>
          </params>
          <reporter-output>
          </reporter-output>
        </test-method> <!-- runScenario -->
        <test-method signature="runScenario(io.cucumber.testng.PickleWrapper,io.cucumber.testng.FeatureWrapper)[pri:0, instance:capstoneproject.ZeroBank.runners.TestRunner@5efa40fe]" started-at="2025-03-22T10:27:09 IST" name="runScenario" description="Runs Cucumber Scenarios" data-provider="scenarios" finished-at="2025-03-22T10:27:22 IST" duration-ms="12680" status="PASS">
          <params>
            <param index="0">
              <value>
                <![CDATA["Successful Bill Payment"]]>
              </value>
            </param>
            <param index="1">
              <value>
                <![CDATA["Pay Bills"]]>
              </value>
            </param>
          </params>
          <reporter-output>
          </reporter-output>
        </test-method> <!-- runScenario -->
        <test-method signature="runScenario(io.cucumber.testng.PickleWrapper,io.cucumber.testng.FeatureWrapper)[pri:0, instance:capstoneproject.ZeroBank.runners.TestRunner@5efa40fe]" started-at="2025-03-22T10:27:22 IST" name="runScenario" description="Runs Cucumber Scenarios" data-provider="scenarios" finished-at="2025-03-22T10:27:34 IST" duration-ms="11995" status="PASS">
          <params>
            <param index="0">
              <value>
                <![CDATA["Schedule a Bill Payment for a Future Date"]]>
              </value>
            </param>
            <param index="1">
              <value>
                <![CDATA["Pay Bills"]]>
              </value>
            </param>
          </params>
          <reporter-output>
          </reporter-output>
        </test-method> <!-- runScenario -->
        <test-method signature="runScenario(io.cucumber.testng.PickleWrapper,io.cucumber.testng.FeatureWrapper)[pri:0, instance:capstoneproject.ZeroBank.runners.TestRunner@5efa40fe]" started-at="2025-03-22T10:27:34 IST" name="runScenario" description="Runs Cucumber Scenarios" data-provider="scenarios" finished-at="2025-03-22T10:27:49 IST" duration-ms="15557" status="PASS">
          <params>
            <param index="0">
              <value>
                <![CDATA["Pay Bills Without Entering Amount"]]>
              </value>
            </param>
            <param index="1">
              <value>
                <![CDATA["Pay Bills"]]>
              </value>
            </param>
          </params>
          <reporter-output>
          </reporter-output>
        </test-method> <!-- runScenario -->
        <test-method is-config="true" signature="tearDownClass()[pri:0, instance:capstoneproject.ZeroBank.runners.TestRunner@5efa40fe]" started-at="2025-03-22T10:27:49 IST" name="tearDownClass" finished-at="2025-03-22T10:27:53 IST" duration-ms="3717" status="PASS">
          <reporter-output>
          </reporter-output>
        </test-method> <!-- tearDownClass -->
      </class> <!-- capstoneproject.ZeroBank.runners.TestRunner -->
    </test> <!-- Default test -->
  </suite> <!-- Default suite -->
</testng-results>
